<?xml version="1.0" encoding="UTF-8"?>
<!-- Generated by org.testng.reporters.JUnitReportReporter -->
<testsuite hostname="Rithik" failures="0" tests="4" name="com.Amazon.qa.TestPages.HomePageAmazonTest" time="24.470" errors="0" timestamp="2023-11-30T13:44:21 IST" skipped="0">
  <testcase classname="com.Amazon.qa.TestPages.HomePageAmazonTest" name="enterProduct" time="8.074"/>
  <system-out/>
  <testcase classname="com.Amazon.qa.TestPages.HomePageAmazonTest" name="clickonfilter" time="2.362"/>
  <system-out/>
  <testcase classname="com.Amazon.qa.TestPages.HomePageAmazonTest" name="clickonProduct" time="2.975"/>
  <system-out/>
  <testcase classname="com.Amazon.qa.TestPages.HomePageAmazonTest" name="pageTitle" time="11.059"/>
  <system-out/>
</testsuite> <!-- com.Amazon.qa.TestPages.HomePageAmazonTest -->
