<?xml version="1.0" encoding="UTF-8"?>
<!-- Generated by org.testng.reporters.JUnitReportReporter -->
<testsuite hostname="Rithik" failures="0" tests="4" name="com.Amazon.qa.TestPages.HomePageAmazonTest" time="11.234" errors="0" timestamp="2023-11-30T17:09:23 IST" skipped="0">
  <testcase classname="com.Amazon.qa.TestPages.HomePageAmazonTest" name="enterProduct" time="6.503"/>
  <system-out/>
  <testcase classname="com.Amazon.qa.TestPages.HomePageAmazonTest" name="clickonfilter" time="2.247"/>
  <system-out/>
  <testcase classname="com.Amazon.qa.TestPages.HomePageAmazonTest" name="clickonProduct" time="2.230"/>
  <system-out/>
  <testcase classname="com.Amazon.qa.TestPages.HomePageAmazonTest" name="pageTitle" time="0.254"/>
  <system-out/>
</testsuite> <!-- com.Amazon.qa.TestPages.HomePageAmazonTest -->
