<?xml version="1.0" encoding="UTF-8"?>
<!-- Generated by org.testng.reporters.JUnitReportReporter -->
<testsuite hostname="Rithik" failures="0" tests="4" name="com.Amazon.qa.TestPages.HomePageAmazonTest" time="12.859" errors="0" timestamp="2023-11-29T01:20:07 IST" skipped="0">
  <testcase classname="com.Amazon.qa.TestPages.HomePageAmazonTest" name="enterProduct" time="7.162"/>
  <system-out/>
  <testcase classname="com.Amazon.qa.TestPages.HomePageAmazonTest" name="clickonfilter" time="2.303"/>
  <system-out/>
  <testcase classname="com.Amazon.qa.TestPages.HomePageAmazonTest" name="clickonProduct" time="3.372"/>
  <system-out/>
  <testcase classname="com.Amazon.qa.TestPages.HomePageAmazonTest" name="pageTitle" time="0.022"/>
  <system-out/>
</testsuite> <!-- com.Amazon.qa.TestPages.HomePageAmazonTest -->
