<?xml version="1.0" encoding="UTF-8"?>
<!-- Generated by org.testng.reporters.JUnitReportReporter -->
<testsuite hostname="Rithik" failures="0" tests="4" name="com.Amazon.qa.TestPages.HomePageAmazonTest" time="21.273" errors="0" timestamp="2023-11-30T14:04:10 IST" skipped="0">
  <testcase classname="com.Amazon.qa.TestPages.HomePageAmazonTest" name="enterProduct" time="14.060"/>
  <system-out/>
  <testcase classname="com.Amazon.qa.TestPages.HomePageAmazonTest" name="clickonfilter" time="2.751"/>
  <system-out/>
  <testcase classname="com.Amazon.qa.TestPages.HomePageAmazonTest" name="clickonProduct" time="2.991"/>
  <system-out/>
  <testcase classname="com.Amazon.qa.TestPages.HomePageAmazonTest" name="pageTitle" time="1.471"/>
  <system-out/>
</testsuite> <!-- com.Amazon.qa.TestPages.HomePageAmazonTest -->
